<?xml version="1.0" encoding="UTF-8"?>
<testsuite name="jp.co.isid.cit.CitApplicationTests" tests="1" skipped="0" failures="0" errors="0" timestamp="2016-10-12T13:52:44" hostname="DESKTOP-SA20EG6" time="0.009">
  <properties/>
  <testcase name="contextLoads" classname="jp.co.isid.cit.CitApplicationTests" time="0.009"/>
  <system-out><![CDATA[22:52:38,197 |-INFO in ch.qos.logback.classic.LoggerContext[default] - Could NOT find resource [logback.groovy]
22:52:38,197 |-INFO in ch.qos.logback.classic.LoggerContext[default] - Could NOT find resource [logback-test.xml]
22:52:38,197 |-INFO in ch.qos.logback.classic.LoggerContext[default] - Found resource [logback.xml] at [file:/C:/Users/micha/Desktop/CIT/build/classes/main/logback.xml]
22:52:38,198 |-WARN in ch.qos.logback.classic.LoggerContext[default] - Resource [logback.xml] occurs multiple times on the classpath.
22:52:38,198 |-WARN in ch.qos.logback.classic.LoggerContext[default] - Resource [logback.xml] occurs at [file:/C:/Users/micha/Desktop/CIT/build/classes/main/logback.xml]
22:52:38,198 |-WARN in ch.qos.logback.classic.LoggerContext[default] - Resource [logback.xml] occurs at [file:/C:/Users/micha/Desktop/CIT/build/resources/main/logback.xml]
22:52:38,273 |-INFO in ch.qos.logback.classic.joran.action.ConfigurationAction - debug attribute not set
22:52:38,286 |-INFO in ch.qos.logback.core.joran.util.ConfigurationWatchListUtil@21980183 - Adding [jar:file:/C:/Windows/System32/config/systemprofile/.gradle/caches/modules-2/files-2.1/org.springframework.boot/spring-boot/1.3.5.RELEASE/b218ba5f3bd01e657fbde9b085722da1fafa4f8a/spring-boot-1.3.5.RELEASE.jar!/org/springframework/boot/logging/logback/base.xml] to configuration watch list.
22:52:38,286 |-INFO in ch.qos.logback.core.joran.spi.ConfigurationWatchList@566a2e38 - URL [jar:file:/C:/Windows/System32/config/systemprofile/.gradle/caches/modules-2/files-2.1/org.springframework.boot/spring-boot/1.3.5.RELEASE/b218ba5f3bd01e657fbde9b085722da1fafa4f8a/spring-boot-1.3.5.RELEASE.jar!/org/springframework/boot/logging/logback/base.xml] is not of type file
22:52:38,289 |-INFO in ch.qos.logback.core.joran.util.ConfigurationWatchListUtil@21980183 - Adding [jar:file:/C:/Windows/System32/config/systemprofile/.gradle/caches/modules-2/files-2.1/org.springframework.boot/spring-boot/1.3.5.RELEASE/b218ba5f3bd01e657fbde9b085722da1fafa4f8a/spring-boot-1.3.5.RELEASE.jar!/org/springframework/boot/logging/logback/defaults.xml] to configuration watch list.
22:52:38,289 |-INFO in ch.qos.logback.core.joran.spi.ConfigurationWatchList@566a2e38 - URL [jar:file:/C:/Windows/System32/config/systemprofile/.gradle/caches/modules-2/files-2.1/org.springframework.boot/spring-boot/1.3.5.RELEASE/b218ba5f3bd01e657fbde9b085722da1fafa4f8a/spring-boot-1.3.5.RELEASE.jar!/org/springframework/boot/logging/logback/defaults.xml] is not of type file
22:52:38,292 |-INFO in ch.qos.logback.core.joran.action.ConversionRuleAction - registering conversion word clr with class [org.springframework.boot.logging.logback.ColorConverter]
22:52:38,293 |-INFO in ch.qos.logback.core.joran.action.ConversionRuleAction - registering conversion word wex with class [org.springframework.boot.logging.logback.WhitespaceThrowableProxyConverter]
22:52:38,293 |-INFO in ch.qos.logback.core.joran.action.ConversionRuleAction - registering conversion word wEx with class [org.springframework.boot.logging.logback.ExtendedWhitespaceThrowableProxyConverter]
22:52:38,299 |-INFO in ch.qos.logback.core.joran.action.AppenderAction - About to instantiate appender of type [org.springframework.boot.logging.logback.LevelRemappingAppender]
22:52:38,301 |-INFO in ch.qos.logback.core.joran.action.AppenderAction - Naming appender as [DEBUG_LEVEL_REMAPPER]
22:52:38,315 |-INFO in ch.qos.logback.classic.joran.action.LoggerAction - Setting level of logger [org.apache.catalina.startup.DigesterFactory] to ERROR
22:52:38,315 |-INFO in ch.qos.logback.classic.joran.action.LoggerAction - Setting level of logger [org.apache.catalina.util.LifecycleBase] to ERROR
22:52:38,315 |-INFO in ch.qos.logback.classic.joran.action.LoggerAction - Setting level of logger [org.apache.coyote.http11.Http11NioProtocol] to WARN
22:52:38,315 |-INFO in ch.qos.logback.classic.joran.action.LoggerAction - Setting level of logger [org.apache.sshd.common.util.SecurityUtils] to WARN
22:52:38,316 |-INFO in ch.qos.logback.classic.joran.action.LoggerAction - Setting level of logger [org.apache.tomcat.util.net.NioSelectorPool] to WARN
22:52:38,316 |-INFO in ch.qos.logback.classic.joran.action.LoggerAction - Setting level of logger [org.crsh.plugin] to WARN
22:52:38,316 |-INFO in ch.qos.logback.classic.joran.action.LoggerAction - Setting level of logger [org.crsh.ssh] to WARN
22:52:38,316 |-INFO in ch.qos.logback.classic.joran.action.LoggerAction - Setting level of logger [org.eclipse.jetty.util.component.AbstractLifeCycle] to ERROR
22:52:38,316 |-INFO in ch.qos.logback.classic.joran.action.LoggerAction - Setting level of logger [org.hibernate.validator.internal.util.Version] to WARN
22:52:38,316 |-INFO in ch.qos.logback.classic.joran.action.LoggerAction - Setting level of logger [org.springframework.boot.actuate.autoconfigure.CrshAutoConfiguration] to WARN
22:52:38,316 |-INFO in ch.qos.logback.classic.joran.action.LoggerAction - Setting additivity of logger [org.springframework.boot.actuate.endpoint.jmx] to false
22:52:38,316 |-INFO in ch.qos.logback.core.joran.action.AppenderRefAction - Attaching appender named [DEBUG_LEVEL_REMAPPER] to Logger[org.springframework.boot.actuate.endpoint.jmx]
22:52:38,317 |-INFO in ch.qos.logback.classic.joran.action.LoggerAction - Setting additivity of logger [org.thymeleaf] to false
22:52:38,317 |-INFO in ch.qos.logback.core.joran.action.AppenderRefAction - Attaching appender named [DEBUG_LEVEL_REMAPPER] to Logger[org.thymeleaf]
22:52:38,318 |-INFO in ch.qos.logback.core.joran.util.ConfigurationWatchListUtil@21980183 - Adding [jar:file:/C:/Windows/System32/config/systemprofile/.gradle/caches/modules-2/files-2.1/org.springframework.boot/spring-boot/1.3.5.RELEASE/b218ba5f3bd01e657fbde9b085722da1fafa4f8a/spring-boot-1.3.5.RELEASE.jar!/org/springframework/boot/logging/logback/console-appender.xml] to configuration watch list.
22:52:38,318 |-INFO in ch.qos.logback.core.joran.spi.ConfigurationWatchList@566a2e38 - URL [jar:file:/C:/Windows/System32/config/systemprofile/.gradle/caches/modules-2/files-2.1/org.springframework.boot/spring-boot/1.3.5.RELEASE/b218ba5f3bd01e657fbde9b085722da1fafa4f8a/spring-boot-1.3.5.RELEASE.jar!/org/springframework/boot/logging/logback/console-appender.xml] is not of type file
22:52:38,320 |-INFO in ch.qos.logback.core.joran.action.AppenderAction - About to instantiate appender of type [ch.qos.logback.core.ConsoleAppender]
22:52:38,325 |-INFO in ch.qos.logback.core.joran.action.AppenderAction - Naming appender as [CONSOLE]
22:52:38,327 |-INFO in ch.qos.logback.core.joran.action.NestedComplexPropertyIA - Assuming default type [ch.qos.logback.classic.encoder.PatternLayoutEncoder] for [encoder] property
22:52:38,372 |-INFO in ch.qos.logback.core.joran.util.ConfigurationWatchListUtil@21980183 - Adding [jar:file:/C:/Windows/System32/config/systemprofile/.gradle/caches/modules-2/files-2.1/org.springframework.boot/spring-boot/1.3.5.RELEASE/b218ba5f3bd01e657fbde9b085722da1fafa4f8a/spring-boot-1.3.5.RELEASE.jar!/org/springframework/boot/logging/logback/file-appender.xml] to configuration watch list.
22:52:38,372 |-INFO in ch.qos.logback.core.joran.spi.ConfigurationWatchList@566a2e38 - URL [jar:file:/C:/Windows/System32/config/systemprofile/.gradle/caches/modules-2/files-2.1/org.springframework.boot/spring-boot/1.3.5.RELEASE/b218ba5f3bd01e657fbde9b085722da1fafa4f8a/spring-boot-1.3.5.RELEASE.jar!/org/springframework/boot/logging/logback/file-appender.xml] is not of type file
22:52:38,373 |-INFO in ch.qos.logback.core.joran.action.AppenderAction - About to instantiate appender of type [ch.qos.logback.core.rolling.RollingFileAppender]
22:52:38,376 |-INFO in ch.qos.logback.core.joran.action.AppenderAction - Naming appender as [FILE]
22:52:38,377 |-INFO in ch.qos.logback.core.joran.action.NestedComplexPropertyIA - Assuming default type [ch.qos.logback.classic.encoder.PatternLayoutEncoder] for [encoder] property
22:52:38,384 |-INFO in ch.qos.logback.core.rolling.FixedWindowRollingPolicy@79be9c86 - No compression will be used
22:52:38,389 |-INFO in ch.qos.logback.core.rolling.RollingFileAppender[FILE] - Active log file name: C:\WINDOWS\TEMP\/spring.log
22:52:38,389 |-INFO in ch.qos.logback.core.rolling.RollingFileAppender[FILE] - File property is set to [C:\WINDOWS\TEMP\/spring.log]
22:52:38,390 |-INFO in ch.qos.logback.classic.joran.action.RootLoggerAction - Setting level of ROOT logger to INFO
22:52:38,390 |-INFO in ch.qos.logback.core.joran.action.AppenderRefAction - Attaching appender named [CONSOLE] to Logger[ROOT]
22:52:38,390 |-INFO in ch.qos.logback.core.joran.action.AppenderRefAction - Attaching appender named [FILE] to Logger[ROOT]
22:52:38,390 |-INFO in ch.qos.logback.core.joran.action.AppenderAction - About to instantiate appender of type [ch.qos.logback.core.FileAppender]
22:52:38,390 |-INFO in ch.qos.logback.core.joran.action.AppenderAction - Naming appender as [FILE_App]
22:52:38,391 |-INFO in ch.qos.logback.core.joran.action.NestedComplexPropertyIA - Assuming default type [ch.qos.logback.classic.encoder.PatternLayoutEncoder] for [encoder] property
22:52:38,391 |-INFO in ch.qos.logback.core.FileAppender[FILE_App] - File property is set to [C:/log/app/app.log]
22:52:38,392 |-INFO in ch.qos.logback.classic.joran.action.LoggerAction - Setting level of logger [jp.co.cit.isid.AppLogger] to INFO
22:52:38,392 |-INFO in ch.qos.logback.core.joran.action.AppenderRefAction - Attaching appender named [FILE_App] to Logger[jp.co.cit.isid.AppLogger]
22:52:38,392 |-INFO in ch.qos.logback.core.joran.action.AppenderAction - About to instantiate appender of type [ch.qos.logback.core.FileAppender]
22:52:38,392 |-INFO in ch.qos.logback.core.joran.action.AppenderAction - Naming appender as [FILE_DB]
22:52:38,392 |-INFO in ch.qos.logback.core.joran.action.NestedComplexPropertyIA - Assuming default type [ch.qos.logback.classic.encoder.PatternLayoutEncoder] for [encoder] property
22:52:38,393 |-INFO in ch.qos.logback.core.FileAppender[FILE_DB] - File property is set to [C:/log/db/app.log]
22:52:38,393 |-INFO in ch.qos.logback.classic.joran.action.LoggerAction - Setting level of logger [jp.co.cit.isid.DbLogger] to INFO
22:52:38,393 |-INFO in ch.qos.logback.core.joran.action.AppenderRefAction - Attaching appender named [FILE_DB] to Logger[jp.co.cit.isid.DbLogger]
22:52:38,393 |-INFO in ch.qos.logback.classic.joran.action.ConfigurationAction - End of configuration.
22:52:38,394 |-INFO in ch.qos.logback.classic.joran.JoranConfigurator@3166ff76 - Registering current configuration as safe fallback point

2016-10-12 22:52:38.504  INFO   --- [    Test worker] o.s.t.c.support.AbstractContextLoader    : Could not detect default resource locations for test class [jp.co.isid.cit.CitApplicationTests]: no resource found for suffixes {-context.xml, Context.groovy}.
2016-10-12 22:52:38.527  INFO   --- [    Test worker] o.s.t.c.web.WebTestContextBootstrapper   : Loaded default TestExecutionListener class names from location [META-INF/spring.factories]: [org.springframework.test.context.web.ServletTestExecutionListener, org.springframework.test.context.support.DirtiesContextBeforeModesTestExecutionListener, org.springframework.test.context.support.DependencyInjectionTestExecutionListener, org.springframework.test.context.support.DirtiesContextTestExecutionListener, org.springframework.test.context.transaction.TransactionalTestExecutionListener, org.springframework.test.context.jdbc.SqlScriptsTestExecutionListener]
2016-10-12 22:52:38.571  INFO   --- [    Test worker] o.s.t.c.web.WebTestContextBootstrapper   : Using TestExecutionListeners: [org.springframework.test.context.web.ServletTestExecutionListener@306ec2ce, org.springframework.test.context.support.DirtiesContextBeforeModesTestExecutionListener@f8c7ccc, org.springframework.test.context.support.DependencyInjectionTestExecutionListener@a702a7a, org.springframework.test.context.support.DirtiesContextTestExecutionListener@4f57b5e1, org.springframework.test.context.transaction.TransactionalTestExecutionListener@9696677, org.springframework.test.context.jdbc.SqlScriptsTestExecutionListener@65ef018a]

  .   ____          _            __ _ _
 /\\ / ___'_ __ _ _(_)_ __  __ _ \ \ \ \
( ( )\___ | '_ | '_| | '_ \/ _` | \ \ \ \
 \\/  ___)| |_)| | | | | || (_| |  ) ) ) )
  '  |____| .__|_| |_|_| |_\__, | / / / /
 =========|_|==============|___/=/_/_/_/
 :: Spring Boot ::        (v1.3.5.RELEASE)

2016-10-12 22:52:38.993  INFO 6440 --- [    Test worker] jp.co.isid.cit.CitApplicationTests       : Starting CitApplicationTests on DESKTOP-SA20EG6 with PID 6440 (C:\Users\micha\Desktop\CIT\build\classes\test started by DESKTOP-SA20EG6$ in C:\Users\micha\Desktop\CIT)
2016-10-12 22:52:38.997  INFO 6440 --- [    Test worker] jp.co.isid.cit.CitApplicationTests       : No active profile set, falling back to default profiles: default
2016-10-12 22:52:39.372  INFO 6440 --- [    Test worker] o.s.w.c.s.GenericWebApplicationContext   : Refreshing org.springframework.web.context.support.GenericWebApplicationContext@1d4a0167: startup date [Wed Oct 12 22:52:39 JST 2016]; root of context hierarchy
2016-10-12 22:52:41.505  INFO 6440 --- [    Test worker] trationDelegate$BeanPostProcessorChecker : Bean 'org.springframework.transaction.annotation.ProxyTransactionManagementConfiguration' of type [class org.springframework.transaction.annotation.ProxyTransactionManagementConfiguration$$EnhancerBySpringCGLIB$$bd4bf0af] is not eligible for getting processed by all BeanPostProcessors (for example: not eligible for auto-proxying)
2016-10-12 22:52:41.710  INFO 6440 --- [    Test worker] o.s.j.d.DriverManagerDataSource          : Loaded JDBC driver: oracle.jdbc.driver.OracleDriver
　＊＊＊＊＊＊＊パスワード認証＊＊＊＊＊＊通過
2016-10-12 22:52:43.070  INFO 6440 --- [    Test worker] o.s.s.web.DefaultSecurityFilterChain     : Creating filter chain: org.springframework.security.web.util.matcher.AnyRequestMatcher@1, [org.springframework.security.web.context.request.async.WebAsyncManagerIntegrationFilter@4f0c08b6, org.springframework.security.web.context.SecurityContextPersistenceFilter@5e99981d, org.springframework.security.web.header.HeaderWriterFilter@3cc8a4f, org.springframework.security.web.csrf.CsrfFilter@194ad350, org.springframework.security.web.authentication.logout.LogoutFilter@22e182ad, org.springframework.security.web.authentication.UsernamePasswordAuthenticationFilter@4e1fd13, org.springframework.security.web.savedrequest.RequestCacheAwareFilter@1198196d, org.springframework.security.web.servletapi.SecurityContextHolderAwareRequestFilter@1f1e90ac, org.springframework.security.web.authentication.AnonymousAuthenticationFilter@56c3e212, org.springframework.security.web.session.SessionManagementFilter@768c1bb8, org.springframework.security.web.access.ExceptionTranslationFilter@1214dde5, org.springframework.security.web.access.intercept.FilterSecurityInterceptor@66303576]
2016-10-12 22:52:43.419  INFO 6440 --- [    Test worker] s.w.s.m.m.a.RequestMappingHandlerAdapter : Looking for @ControllerAdvice: org.springframework.web.context.support.GenericWebApplicationContext@1d4a0167: startup date [Wed Oct 12 22:52:39 JST 2016]; root of context hierarchy
2016-10-12 22:52:43.432  INFO 6440 --- [    Test worker] s.w.s.m.m.a.RequestMappingHandlerAdapter : Detected @ModelAttribute methods in exceptionControllerAdvice
2016-10-12 22:52:43.438  INFO 6440 --- [    Test worker] s.w.s.m.m.a.RequestMappingHandlerAdapter : Detected @InitBinder methods in exceptionControllerAdvice
2016-10-12 22:52:43.518  INFO 6440 --- [    Test worker] s.w.s.m.m.a.RequestMappingHandlerMapping : Mapped "{[/answer/confirm]}" onto public java.lang.String jp.co.isid.cit.web.answer.AnswerController.enqueteAnswerConfirm()
2016-10-12 22:52:43.530  INFO 6440 --- [    Test worker] s.w.s.m.m.a.RequestMappingHandlerMapping : Mapped "{[/answer]}" onto public java.lang.String jp.co.isid.cit.web.answer.AnswerController.enqueteAnswer()
2016-10-12 22:52:43.538  INFO 6440 --- [    Test worker] s.w.s.m.m.a.RequestMappingHandlerMapping : Mapped "{[/enquete/manager]}" onto public java.lang.String jp.co.isid.cit.web.enquete.EnqueteController.enqueteManagement(jp.co.isid.cit.dto.LoginUser,org.springframework.ui.Model,jp.co.isid.cit.form.EnqueteCreateForm)
2016-10-12 22:52:43.543  INFO 6440 --- [    Test worker] s.w.s.m.m.a.RequestMappingHandlerMapping : Mapped "{[/enquete/preview/{enqueteId}],methods=[GET]}" onto public java.lang.String jp.co.isid.cit.web.enquete.EnqueteController.enqueteConfigPreview(jp.co.isid.cit.dto.LoginUser,org.springframework.ui.Model,int,org.springframework.web.servlet.mvc.support.RedirectAttributes)
2016-10-12 22:52:43.544  INFO 6440 --- [    Test worker] s.w.s.m.m.a.RequestMappingHandlerMapping : Mapped "{[/enquete/searchUser],methods=[POST]}" onto public java.lang.String jp.co.isid.cit.web.enquete.EnqueteController.searchUser(jp.co.isid.cit.dto.LoginUser,org.springframework.ui.Model,jp.co.isid.cit.form.EnqueteAdminSearchUserForm,jp.co.isid.cit.form.EnqueteAdminUserListForm)
2016-10-12 22:52:43.545  INFO 6440 --- [    Test worker] s.w.s.m.m.a.RequestMappingHandlerMapping : Mapped "{[/enquete/temp],methods=[POST]}" onto public java.lang.String jp.co.isid.cit.web.enquete.EnqueteController.tempEnquete(jp.co.isid.cit.dto.LoginUser,org.springframework.ui.Model,jp.co.isid.cit.form.EnqueteCreateForm,org.springframework.validation.BindingResult,org.springframework.web.servlet.mvc.support.RedirectAttributes)
2016-10-12 22:52:43.546  INFO 6440 --- [    Test worker] s.w.s.m.m.a.RequestMappingHandlerMapping : Mapped "{[/enquete/adminConclude],methods=[POST]}" onto public java.lang.String jp.co.isid.cit.web.enquete.EnqueteController.adminConclude(jp.co.isid.cit.dto.LoginUser,org.springframework.ui.Model,jp.co.isid.cit.form.EnqueteCreateForm,jp.co.isid.cit.form.EnqueteAdminUserListForm)
2016-10-12 22:52:43.551  INFO 6440 --- [    Test worker] s.w.s.m.m.a.RequestMappingHandlerMapping : Mapped "{[/enquete/confirm]}" onto public java.lang.String jp.co.isid.cit.web.enquete.EnqueteController.enqueteConfirm(jp.co.isid.cit.dto.LoginUser,org.springframework.ui.Model,jp.co.isid.cit.form.EnqueteCreateForm,org.springframework.validation.BindingResult)
2016-10-12 22:52:43.551  INFO 6440 --- [    Test worker] s.w.s.m.m.a.RequestMappingHandlerMapping : Mapped "{[/enquete/config]}" onto public java.lang.String jp.co.isid.cit.web.enquete.EnqueteController.enqueteConfig(jp.co.isid.cit.dto.LoginUser,org.springframework.ui.Model,int)
2016-10-12 22:52:43.552  INFO 6440 --- [    Test worker] s.w.s.m.m.a.RequestMappingHandlerMapping : Mapped "{[/enquete/config/return]}" onto public java.lang.String jp.co.isid.cit.web.enquete.EnqueteController.enqueteConfig(jp.co.isid.cit.dto.LoginUser,org.springframework.ui.Model,jp.co.isid.cit.form.EnqueteCreateForm)
2016-10-12 22:52:43.553  INFO 6440 --- [    Test worker] s.w.s.m.m.a.RequestMappingHandlerMapping : Mapped "{[/enquete/complete]}" onto public java.lang.String jp.co.isid.cit.web.enquete.EnqueteController.enqueteComplete(jp.co.isid.cit.dto.LoginUser,org.springframework.ui.Model,jp.co.isid.cit.form.EnqueteCreateForm,org.springframework.web.servlet.mvc.support.RedirectAttributes)
2016-10-12 22:52:43.554  INFO 6440 --- [    Test worker] s.w.s.m.m.a.RequestMappingHandlerMapping : Mapped "{[/]}" onto public java.lang.String jp.co.isid.cit.web.IndexController.index()
2016-10-12 22:52:43.555  INFO 6440 --- [    Test worker] s.w.s.m.m.a.RequestMappingHandlerMapping : Mapped "{[/index]}" onto public java.lang.String jp.co.isid.cit.web.IndexController.login()
2016-10-12 22:52:43.568  INFO 6440 --- [    Test worker] s.w.s.m.m.a.RequestMappingHandlerMapping : Mapped "{[/menu/delete],methods=[POST]}" onto public java.lang.String jp.co.isid.cit.web.menu.MenuController.deleteEnquete(jp.co.isid.cit.dto.LoginUser,org.springframework.ui.Model,int,org.springframework.web.servlet.mvc.support.RedirectAttributes)
2016-10-12 22:52:43.569  INFO 6440 --- [    Test worker] s.w.s.m.m.a.RequestMappingHandlerMapping : Mapped "{[/menu],methods=[GET]}" onto public java.lang.String jp.co.isid.cit.web.menu.MenuController.menu(jp.co.isid.cit.dto.LoginUser,org.springframework.ui.Model)
2016-10-12 22:52:43.570  INFO 6440 --- [    Test worker] s.w.s.m.m.a.RequestMappingHandlerMapping : Mapped "{[/menu/start],methods=[POST]}" onto public java.lang.String jp.co.isid.cit.web.menu.MenuController.startEnquete(jp.co.isid.cit.dto.LoginUser,org.springframework.ui.Model,int,org.springframework.web.servlet.mvc.support.RedirectAttributes)
2016-10-12 22:52:43.570  INFO 6440 --- [    Test worker] s.w.s.m.m.a.RequestMappingHandlerMapping : Mapped "{[/menu/finish],methods=[POST]}" onto public java.lang.String jp.co.isid.cit.web.menu.MenuController.finishEnquete(jp.co.isid.cit.dto.LoginUser,org.springframework.ui.Model,int,org.springframework.web.servlet.mvc.support.RedirectAttributes)
2016-10-12 22:52:43.572  INFO 6440 --- [    Test worker] s.w.s.m.m.a.RequestMappingHandlerMapping : Mapped "{[/result/status]}" onto public java.lang.String jp.co.isid.cit.web.result.ResultController.answerStatusConfirm()
2016-10-12 22:52:43.573  INFO 6440 --- [    Test worker] s.w.s.m.m.a.RequestMappingHandlerMapping : Mapped "{[/result/answer]}" onto public java.lang.String jp.co.isid.cit.web.result.ResultController.answerConfirm()
2016-10-12 22:52:43.576  INFO 6440 --- [    Test worker] s.w.s.m.m.a.RequestMappingHandlerMapping : Mapped "{[/error]}" onto public org.springframework.http.ResponseEntity<java.util.Map<java.lang.String, java.lang.Object>> org.springframework.boot.autoconfigure.web.BasicErrorController.error(javax.servlet.http.HttpServletRequest)
2016-10-12 22:52:43.577  INFO 6440 --- [    Test worker] s.w.s.m.m.a.RequestMappingHandlerMapping : Mapped "{[/error],produces=[text/html]}" onto public org.springframework.web.servlet.ModelAndView org.springframework.boot.autoconfigure.web.BasicErrorController.errorHtml(javax.servlet.http.HttpServletRequest,javax.servlet.http.HttpServletResponse)
2016-10-12 22:52:43.613  INFO 6440 --- [    Test worker] o.s.w.s.handler.SimpleUrlHandlerMapping  : Mapped URL path [/webjars/**] onto handler of type [class org.springframework.web.servlet.resource.ResourceHttpRequestHandler]
2016-10-12 22:52:43.614  INFO 6440 --- [    Test worker] o.s.w.s.handler.SimpleUrlHandlerMapping  : Mapped URL path [/**] onto handler of type [class org.springframework.web.servlet.resource.ResourceHttpRequestHandler]
2016-10-12 22:52:43.638  INFO 6440 --- [    Test worker] .m.m.a.ExceptionHandlerExceptionResolver : Detected @ExceptionHandler methods in exceptionControllerAdvice
2016-10-12 22:52:43.665  INFO 6440 --- [    Test worker] o.s.w.s.handler.SimpleUrlHandlerMapping  : Mapped URL path [/**/favicon.ico] onto handler of type [class org.springframework.web.servlet.resource.ResourceHttpRequestHandler]
2016-10-12 22:52:44.502  INFO 6440 --- [    Test worker] jp.co.isid.cit.CitApplicationTests       : Started CitApplicationTests in 5.816 seconds (JVM running for 6.877)
]]></system-out>
  <system-err><![CDATA[]]></system-err>
</testsuite>
