<?xml version="1.0" encoding="UTF-8"?>
<testsuite name="jp.co.isid.cit.EnqueteService.EnqueteServiceTest" tests="5" skipped="0" failures="0" errors="0" timestamp="2016-10-12T13:52:44" hostname="DESKTOP-SA20EG6" time="0.263">
  <properties/>
  <testcase name="新規作成したアンケートの入力情報を登録できる" classname="jp.co.isid.cit.EnqueteService.EnqueteServiceTest" time="0.254"/>
  <testcase name="編集したアンケートのアンケート名を登録できる" classname="jp.co.isid.cit.EnqueteService.EnqueteServiceTest" time="0.002"/>
  <testcase name="管理者の情報が取得できる" classname="jp.co.isid.cit.EnqueteService.EnqueteServiceTest" time="0.002"/>
  <testcase name="ユーザー情報をあいまい検索できる" classname="jp.co.isid.cit.EnqueteService.EnqueteServiceTest" time="0.001"/>
  <testcase name="新規作成したアンケートのアンケート名を登録できる" classname="jp.co.isid.cit.EnqueteService.EnqueteServiceTest" time="0.002"/>
  <system-out><![CDATA[]]></system-out>
  <system-err><![CDATA[]]></system-err>
</testsuite>
